Построение начато 25.02.2019 11:30:22.
     1>Проект "C:\Users\Программирование\documents\visual studio 2010\Projects\1.300\1.300\1.300.vcxproj" в узле 2 (целевые объекты build).
     1>InitializeBuildStatus:
         Создание "Release\1.300.unsuccessfulbuild", так как было задано "AlwaysCreate".
       ClCompile:
         Для всех выходных данных обновления не требуется.
         c:\Program Files\Microsoft Visual Studio 10.0\VC\bin\CL.exe /c /Zi /nologo /W3 /WX- /O2 /Oi /Oy- /GL /D WIN32 /D NDEBUG /D _CONSOLE /D _UNICODE /D UNICODE /Gm- /EHsc /MD /GS /Gy /fp:precise /Zc:wchar_t /Zc:forScope /Fo"Release\\" /Fd"Release\vc100.pdb" /Gd /TP /analyze- /errorReport:prompt 1.300.cpp
         1.300.cpp
       Link:
         c:\Program Files\Microsoft Visual Studio 10.0\VC\bin\link.exe /ERRORREPORT:PROMPT /OUT:"C:\Users\Программирование\documents\visual studio 2010\Projects\1.300\Release\1.300.exe" /INCREMENTAL:NO /NOLOGO kernel32.lib user32.lib gdi32.lib winspool.lib comdlg32.lib advapi32.lib shell32.lib ole32.lib oleaut32.lib uuid.lib odbc32.lib odbccp32.lib /MANIFEST /ManifestFile:"Release\1.300.exe.intermediate.manifest" /MANIFESTUAC:"level='asInvoker' uiAccess='false'" /DEBUG /PDB:"C:\Users\Программирование\documents\visual studio 2010\Projects\1.300\Release\1.300.pdb" /SUBSYSTEM:CONSOLE /OPT:REF /OPT:ICF /LTCG /TLBID:1 /DYNAMICBASE /NXCOMPAT /IMPLIB:"C:\Users\Программирование\documents\visual studio 2010\Projects\1.300\Release\1.300.lib" /MACHINE:X86 Release\1.300.obj
         Release\stdafx.obj
         Создание кода
         Создание кода завершено
         1.300.vcxproj -> C:\Users\Программирование\documents\visual studio 2010\Projects\1.300\Release\1.300.exe
       Manifest:
         C:\Program Files\Microsoft SDKs\Windows\v7.0A\bin\mt.exe /nologo /verbose /outputresource:"C:\Users\Программирование\documents\visual studio 2010\Projects\1.300\Release\1.300.exe;#1" /manifest Release\1.300.exe.intermediate.manifest
       FinalizeBuildStatus:
         Файл "Release\1.300.unsuccessfulbuild" удаляется.
         Обращение к "Release\1.300.lastbuildstate".
     1>Построение проекта "C:\Users\Программирование\documents\visual studio 2010\Projects\1.300\1.300\1.300.vcxproj" завершено (целевые объекты build).

Построение успешно завершено.

Затраченное время: 00:00:05.38
