Построение начато 25.02.2019 11:24:07.
     1>Проект "C:\Users\Программирование\documents\visual studio 2010\Projects\1.300\1.300\1.300.vcxproj" в узле 2 (целевые объекты build).
     1>InitializeBuildStatus:
         Создание "Debug\1.300.unsuccessfulbuild", так как было задано "AlwaysCreate".
       ClCompile:
         Для всех выходных данных обновления не требуется.
         c:\Program Files\Microsoft Visual Studio 10.0\VC\bin\CL.exe /c /ZI /nologo /W3 /WX- /Od /Oy- /D WIN32 /D _DEBUG /D _CONSOLE /D _UNICODE /D UNICODE /Gm /EHsc /RTC1 /MDd /GS /fp:precise /Zc:wchar_t /Zc:forScope /Fo"Debug\\" /Fd"Debug\vc100.pdb" /Gd /TP /analyze- /errorReport:prompt 1.300.cpp
         1.300.cpp
       Link:
         c:\Program Files\Microsoft Visual Studio 10.0\VC\bin\link.exe /ERRORREPORT:PROMPT /OUT:"C:\Users\Программирование\documents\visual studio 2010\Projects\1.300\Debug\1.300.exe" /INCREMENTAL:NO /NOLOGO kernel32.lib user32.lib gdi32.lib winspool.lib comdlg32.lib advapi32.lib shell32.lib ole32.lib oleaut32.lib uuid.lib odbc32.lib odbccp32.lib /MANIFEST /ManifestFile:"Debug\1.300.exe.intermediate.manifest" /MANIFESTUAC:"level='asInvoker' uiAccess='false'" /DEBUG /PDB:"C:\Users\Программирование\documents\visual studio 2010\Projects\1.300\Debug\1.300.pdb" /SUBSYSTEM:CONSOLE /TLBID:1 /DYNAMICBASE /NXCOMPAT /IMPLIB:"C:\Users\Программирование\documents\visual studio 2010\Projects\1.300\Debug\1.300.lib" /MACHINE:X86 Debug\1.300.obj
         Debug\stdafx.obj
     1>1.300.obj : warning LNK4075: не учитывается "/EDITANDCONTINUE" из-за спецификации "/INCREMENTAL:NO"
         1.300.vcxproj -> C:\Users\Программирование\documents\visual studio 2010\Projects\1.300\Debug\1.300.exe
       Manifest:
         C:\Program Files\Microsoft SDKs\Windows\v7.0A\bin\mt.exe /nologo /verbose /outputresource:"C:\Users\Программирование\documents\visual studio 2010\Projects\1.300\Debug\1.300.exe;#1" /manifest Debug\1.300.exe.intermediate.manifest
       FinalizeBuildStatus:
         Файл "Debug\1.300.unsuccessfulbuild" удаляется.
         Обращение к "Debug\1.300.lastbuildstate".
     1>Построение проекта "C:\Users\Программирование\documents\visual studio 2010\Projects\1.300\1.300\1.300.vcxproj" завершено (целевые объекты build).

Построение успешно завершено.

Затраченное время: 00:00:11.19
