Построение начато 16.04.2019 12:12:06.
     1>Проект "C:\Users\Программирование\documents\visual studio 2010\Projects\3.11\3.11\3.11.vcxproj" в узле 2 (целевые объекты build).
     1>InitializeBuildStatus:
         Создание "Debug\3.11.unsuccessfulbuild", так как было задано "AlwaysCreate".
       GenerateTargetFrameworkMonikerAttribute:
       Целевой объект "GenerateTargetFrameworkMonikerAttribute" пропускается, так как все выходные файлы актуальны по отношению к входным.
       ClCompile:
         Для всех выходных данных обновления не требуется.
         c:\Program Files\Microsoft Visual Studio 10.0\VC\bin\CL.exe /c /AI"C:\Program Files\Reference Assemblies\Microsoft\Framework\.NETFramework\v4.0" /Zi /clr:pure /nologo /W3 /WX- /Od /Oy- /D WIN32 /D _DEBUG /D _UNICODE /D UNICODE /EHa /MDd /GS /fp:precise /Zc:wchar_t /Zc:forScope /Yu"StdAfx.h" /Fp"Debug\3.11.pch" /Fo"Debug\\" /Fd"Debug\vc100.pdb" /TP /FU"C:\Program Files\Reference Assemblies\Microsoft\Framework\.NETFramework\v4.0\System.Core.dll" /FU"C:\Program Files\Reference Assemblies\Microsoft\Framework\.NETFramework\v4.0\System.Data.dll" /FU"C:\Program Files\Reference Assemblies\Microsoft\Framework\.NETFramework\v4.0\System.dll" /FU"C:\Program Files\Reference Assemblies\Microsoft\Framework\.NETFramework\v4.0\System.Drawing.dll" /FU"C:\Program Files\Reference Assemblies\Microsoft\Framework\.NETFramework\v4.0\System.Windows.Forms.dll" /FU"C:\Program Files\Reference Assemblies\Microsoft\Framework\.NETFramework\v4.0\System.Xml.dll" /analyze- /errorReport:prompt 3.11.cpp /clr:nostdlib 
         3.11.cpp
     1>c:\users\программирование\documents\visual studio 2010\projects\3.11\3.11\Form1.h(137): warning C4101: na: неиспользованная локальная переменная
         Для всех выходных данных обновления не требуется.
       ManagedIncrementalBuildPostProcessDependencyGraph:
         To improve incremental build performance for managed components, please make sure that the 'VC++ Directories->Reference Directories' points to all the paths which contain the referenced managed assemblies.
         Не удалось загрузить файл или сборку "file:///C:\PROGRAM FILES (X86)\MICROSOFT VISUAL STUDIO 10.0\VC\BIN\1049\CLUI.DLL" либо одну из их зависимостей. Не удается найти указанный файл.
         To improve incremental build performance for managed components, please make sure that the 'VC++ Directories->Reference Directories' points to all the paths which contain the referenced managed assemblies.
         Не удалось загрузить файл или сборку "file:///C:\PROGRAM FILES (X86)\REFERENCE ASSEMBLIES\MICROSOFT\FRAMEWORK\.NETFRAMEWORK\V4.0\MSCORLIB.DLL" либо одну из их зависимостей. Не удается найти указанный файл.
         To improve incremental build performance for managed components, please make sure that the 'VC++ Directories->Reference Directories' points to all the paths which contain the referenced managed assemblies.
         Не удалось загрузить файл или сборку "file:///C:\PROGRAM FILES (X86)\REFERENCE ASSEMBLIES\MICROSOFT\FRAMEWORK\.NETFRAMEWORK\V4.0\SYSTEM.CORE.DLL" либо одну из их зависимостей. Не удается найти указанный файл.
         To improve incremental build performance for managed components, please make sure that the 'VC++ Directories->Reference Directories' points to all the paths which contain the referenced managed assemblies.
         Не удалось загрузить файл или сборку "file:///C:\PROGRAM FILES (X86)\REFERENCE ASSEMBLIES\MICROSOFT\FRAMEWORK\.NETFRAMEWORK\V4.0\SYSTEM.DATA.DLL" либо одну из их зависимостей. Не удается найти указанный файл.
         To improve incremental build performance for managed components, please make sure that the 'VC++ Directories->Reference Directories' points to all the paths which contain the referenced managed assemblies.
         Не удалось загрузить файл или сборку "file:///C:\PROGRAM FILES (X86)\REFERENCE ASSEMBLIES\MICROSOFT\FRAMEWORK\.NETFRAMEWORK\V4.0\SYSTEM.DLL" либо одну из их зависимостей. Не удается найти указанный файл.
         To improve incremental build performance for managed components, please make sure that the 'VC++ Directories->Reference Directories' points to all the paths which contain the referenced managed assemblies.
         Не удалось загрузить файл или сборку "file:///C:\PROGRAM FILES (X86)\REFERENCE ASSEMBLIES\MICROSOFT\FRAMEWORK\.NETFRAMEWORK\V4.0\SYSTEM.DRAWING.DLL" либо одну из их зависимостей. Не удается найти указанный файл.
         To improve incremental build performance for managed components, please make sure that the 'VC++ Directories->Reference Directories' points to all the paths which contain the referenced managed assemblies.
         Не удалось загрузить файл или сборку "file:///C:\PROGRAM FILES (X86)\REFERENCE ASSEMBLIES\MICROSOFT\FRAMEWORK\.NETFRAMEWORK\V4.0\SYSTEM.WINDOWS.FORMS.DLL" либо одну из их зависимостей. Не удается найти указанный файл.
         To improve incremental build performance for managed components, please make sure that the 'VC++ Directories->Reference Directories' points to all the paths which contain the referenced managed assemblies.
         Не удалось загрузить файл или сборку "file:///C:\PROGRAM FILES (X86)\REFERENCE ASSEMBLIES\MICROSOFT\FRAMEWORK\.NETFRAMEWORK\V4.0\SYSTEM.XML.DLL" либо одну из их зависимостей. Не удается найти указанный файл.
         To improve incremental build performance for managed components, please make sure that the 'VC++ Directories->Reference Directories' points to all the paths which contain the referenced managed assemblies.
         Не удалось загрузить файл или сборку "file:///C:\PROGRAM FILES (X86)\REFERENCE ASSEMBLIES\MICROSOFT\FRAMEWORK\.NETFRAMEWORK\V4.0\MICROSOFT.VISUALC.DLL" либо одну из их зависимостей. Не удается найти указанный файл.
         To improve incremental build performance for managed components, please make sure that the 'VC++ Directories->Reference Directories' points to all the paths which contain the referenced managed assemblies.
         Не удалось загрузить файл или сборку "file:///C:\PROGRAM FILES (X86)\MICROSOFT VISUAL STUDIO 10.0\COMMON7\IDE\MSPDBSRV.EXE" либо одну из их зависимостей. Не удается найти указанный файл.
       CoreResGen:
         Отсутствуют ресурсы, устаревшие по отношению к файлам своих источников. Пропуск формирования ресурсов.
       ResourceCompile:
         Для всех выходных данных обновления не требуется.
       Link:
         c:\Program Files\Microsoft Visual Studio 10.0\VC\bin\link.exe /ERRORREPORT:PROMPT /OUT:"C:\Users\Программирование\documents\visual studio 2010\Projects\3.11\Debug\3.11.exe" /INCREMENTAL /NOLOGO /ASSEMBLYRESOURCE:Debug\My311.Form1.resources /MANIFEST /ManifestFile:"Debug\3.11.exe.intermediate.manifest" /MANIFESTUAC:"level='asInvoker' uiAccess='false'" /DEBUG /PDB:"C:\Users\Программирование\documents\visual studio 2010\Projects\3.11\Debug\3.11.pdb" /ASSEMBLYDEBUG /SUBSYSTEM:WINDOWS /TLBID:1 /ENTRY:"main" /DYNAMICBASE /FIXED:NO /NXCOMPAT /MACHINE:X86 Debug\app.res
         Debug\3.11.obj
         Debug\AssemblyInfo.obj
         Debug\stdafx.obj
         "Debug\.NETFramework,Version=v4.0.AssemblyAttributes.obj"
         3.11.vcxproj -> C:\Users\Программирование\documents\visual studio 2010\Projects\3.11\Debug\3.11.exe
       Manifest:
         C:\Program Files\Microsoft SDKs\Windows\v7.0A\bin\mt.exe /nologo /verbose /outputresource:"C:\Users\Программирование\documents\visual studio 2010\Projects\3.11\Debug\3.11.exe;#1" /manifest Debug\3.11.exe.intermediate.manifest
       FinalizeBuildStatus:
         Файл "Debug\3.11.unsuccessfulbuild" удаляется.
         Обращение к "Debug\3.11.lastbuildstate".
     1>Построение проекта "C:\Users\Программирование\documents\visual studio 2010\Projects\3.11\3.11\3.11.vcxproj" завершено (целевые объекты build).

Построение успешно завершено.

Затраченное время: 00:00:05.82
